Processing esp32-s3-jc3248w535 (platform: espressif32; board: esp32-s3-devkitc-1; framework: arduino)
--------------------------------------------------------------------------------
Verbose mode can be enabled via `-v, --verbose` option
CONFIGURATION: https://docs.platformio.org/page/boards/espressif32/esp32-s3-devkitc-1.html
PLATFORM: Espressif 32 (6.12.0) > Espressif ESP32-S3-DevKitC-1-N8 (8 MB QD, No PSRAM)
HARDWARE: ESP32S3 240MHz, 320KB RAM, 8MB Flash
DEBUG: Current (esp-builtin) On-board (esp-builtin) External (cmsis-dap, esp-bridge, esp-prog, iot-bus-jtag, jlink, minimodule, olimex-arm-usb-ocd, olimex-arm-usb-ocd-h, olimex-arm-usb-tiny-h, olimex-jtag-tiny, tumpa)
PACKAGES: 
 - framework-arduinoespressif32 @ 3.20017.241212+sha.dcc1105b 
 - tool-esptoolpy @ 2.40900.250804 (4.9.0) 
 - tool-mkfatfs @ 2.0.1 
 - tool-mklittlefs @ 1.203.210628 (2.3) 
 - tool-mkspiffs @ 2.230.0 (2.30) 
 - toolchain-riscv32-esp @ 8.4.0+2021r2-patch5 
 - toolchain-xtensa-esp32s3 @ 8.4.0+2021r2-patch5
LDF: Library Dependency Finder -> https://bit.ly/configure-pio-ldf
LDF Modes: Finder ~ chain, Compatibility ~ soft
Found 35 compatible libraries
Scanning dependencies...
Dependency Graph
|-- GFX Library for Arduino @ 1.4.9
|-- lvgl @ 9.5.0
|-- Wire @ 2.0.0
Building in release mode
Retrieving maximum program size .pio/build/esp32-s3-jc3248w535/firmware.elf
Checking size .pio/build/esp32-s3-jc3248w535/firmware.elf
Advanced Memory Usage is available via "PlatformIO Home > Project Inspect"
RAM:   [===       ]  34.1% (used 111884 bytes from 327680 bytes)
Flash: [==        ]  17.7% (used 592677 bytes from 3342336 bytes)
Configuring upload protocol...
AVAILABLE: cmsis-dap, esp-bridge, esp-builtin, esp-prog, espota, esptool, iot-bus-jtag, jlink, minimodule, olimex-arm-usb-ocd, olimex-arm-usb-ocd-h, olimex-arm-usb-tiny-h, olimex-jtag-tiny, tumpa
CURRENT: upload_protocol = esptool
Looking for upload port...
Using manually specified: /dev/ttyACM1
Uploading .pio/build/esp32-s3-jc3248w535/firmware.bin
esptool.py v4.9.0
Serial port /dev/ttyACM1
Connecting...
Chip is ESP32-S3 (QFN56) (revision v0.2)
Features: WiFi, BLE, Embedded PSRAM 8MB (AP_3v3)
Crystal is 40MHz
USB mode: USB-Serial/JTAG
MAC: 1c:db:d4:79:05:84
Uploading stub...
Running stub...
Stub running...
Changing baud rate to 921600
Changed.
Configuring flash size...
Flash will be erased from 0x00000000 to 0x00003fff...
Flash will be erased from 0x00008000 to 0x00008fff...
Flash will be erased from 0x0000e000 to 0x0000ffff...
Flash will be erased from 0x00010000 to 0x000a0fff...
SHA digest in image updated
Compressed 15104 bytes to 10430...
Writing at 0x00000000... (100 %)
Wrote 15104 bytes (10430 compressed) at 0x00000000 in 0.6 seconds (effective 215.9 kbit/s)...
Hash of data verified.
Compressed 3072 bytes to 146...
Writing at 0x00008000... (100 %)
Wrote 3072 bytes (146 compressed) at 0x00008000 in 1.2 seconds (effective 21.1 kbit/s)...
Hash of data verified.
Compressed 8192 bytes to 47...
Writing at 0x0000e000... (100 %)
Wrote 8192 bytes (47 compressed) at 0x0000e000 in 1.3 seconds (effective 50.5 kbit/s)...
Hash of data verified.
Compressed 593040 bytes to 373979...
Writing at 0x00010000... (4 %)
Writing at 0x00019b21... (8 %)
Writing at 0x00025806... (13 %)
Writing at 0x0002fe4b... (17 %)
Writing at 0x0003575e... (21 %)
Writing at 0x0003a96f... (26 %)
Writing at 0x0003f7cb... (30 %)
Writing at 0x00044d01... (34 %)
Writing at 0x00049fb0... (39 %)
Writing at 0x0004ef71... (43 %)
Writing at 0x000541dc... (47 %)
Writing at 0x0005900c... (52 %)
Writing at 0x0005e0b3... (56 %)
Writing at 0x00064297... (60 %)
Writing at 0x0006a3d6... (65 %)
Writing at 0x0006fd8a... (69 %)
Writing at 0x00075513... (73 %)
Writing at 0x0007ab4b... (78 %)
Writing at 0x0007ff75... (82 %)
Writing at 0x00088093... (86 %)
Writing at 0x00090a41... (91 %)
Writing at 0x0009662f... (95 %)
Writing at 0x0009bd9a... (100 %)
Wrote 593040 bytes (373979 compressed) at 0x00010000 in 10.4 seconds (effective 455.1 kbit/s)...
Hash of data verified.

Leaving...
Hard resetting via RTS pin...
========================= [SUCCESS] Took 73.09 seconds =========================
