Processing esp32-s3-jc3248w535 (platform: espressif32; board: esp32-s3-devkitc-1; framework: arduino)
--------------------------------------------------------------------------------
Verbose mode can be enabled via `-v, --verbose` option
CONFIGURATION: https://docs.platformio.org/page/boards/espressif32/esp32-s3-devkitc-1.html
PLATFORM: Espressif 32 (6.12.0) > Espressif ESP32-S3-DevKitC-1-N8 (8 MB QD, No PSRAM)
HARDWARE: ESP32S3 240MHz, 320KB RAM, 8MB Flash
DEBUG: Current (esp-builtin) On-board (esp-builtin) External (cmsis-dap, esp-bridge, esp-prog, iot-bus-jtag, jlink, minimodule, olimex-arm-usb-ocd, olimex-arm-usb-ocd-h, olimex-arm-usb-tiny-h, olimex-jtag-tiny, tumpa)
PACKAGES: 
 - framework-arduinoespressif32 @ 3.20017.241212+sha.dcc1105b 
 - tool-esptoolpy @ 2.40900.250804 (4.9.0) 
 - tool-mkfatfs @ 2.0.1 
 - tool-mklittlefs @ 1.203.210628 (2.3) 
 - tool-mkspiffs @ 2.230.0 (2.30) 
 - toolchain-riscv32-esp @ 8.4.0+2021r2-patch5 
 - toolchain-xtensa-esp32s3 @ 8.4.0+2021r2-patch5
LDF: Library Dependency Finder -> https://bit.ly/configure-pio-ldf
LDF Modes: Finder ~ chain, Compatibility ~ soft
Found 35 compatible libraries
Scanning dependencies...
Dependency Graph
|-- GFX Library for Arduino @ 1.4.9
|-- lvgl @ 9.5.0
|-- Wire @ 2.0.0
Building in release mode
Compiling .pio/build/esp32-s3-jc3248w535/libe45/lvgl/libs/tiny_ttf/lv_tiny_ttf.c.o
Compiling .pio/build/esp32-s3-jc3248w535/libe45/lvgl/libs/tjpgd/lv_tjpgd.c.o
Compiling .pio/build/esp32-s3-jc3248w535/libe45/lvgl/lv_init.c.o
Compiling .pio/build/esp32-s3-jc3248w535/libe45/lvgl/misc/cache/instance/lv_image_cache.c.o
Compiling .pio/build/esp32-s3-jc3248w535/libe45/lvgl/misc/cache/instance/lv_image_header_cache.c.o
Compiling .pio/build/esp32-s3-jc3248w535/libe45/lvgl/misc/lv_anim.c.o
Compiling .pio/build/esp32-s3-jc3248w535/libe45/lvgl/misc/lv_area.c.o
Compiling .pio/build/esp32-s3-jc3248w535/libe45/lvgl/misc/lv_bidi.c.o
Compiling .pio/build/esp32-s3-jc3248w535/libe45/lvgl/misc/lv_circle_buf.c.o
Compiling .pio/build/esp32-s3-jc3248w535/libe45/lvgl/misc/lv_color.c.o
Compiling .pio/build/esp32-s3-jc3248w535/libe45/lvgl/misc/lv_color_op.c.o
Compiling .pio/build/esp32-s3-jc3248w535/libe45/lvgl/misc/lv_event.c.o
Compiling .pio/build/esp32-s3-jc3248w535/libe45/lvgl/misc/lv_fs.c.o
Compiling .pio/build/esp32-s3-jc3248w535/libe45/lvgl/misc/lv_grad.c.o
Compiling .pio/build/esp32-s3-jc3248w535/libe45/lvgl/misc/lv_iter.c.o
Compiling .pio/build/esp32-s3-jc3248w535/libe45/lvgl/misc/lv_ll.c.o
Compiling .pio/build/esp32-s3-jc3248w535/libe45/lvgl/misc/lv_log.c.o
Compiling .pio/build/esp32-s3-jc3248w535/libe45/lvgl/misc/lv_lru.c.o
Compiling .pio/build/esp32-s3-jc3248w535/libe45/lvgl/misc/lv_math.c.o
Compiling .pio/build/esp32-s3-jc3248w535/libe45/lvgl/misc/lv_matrix.c.o
Compiling .pio/build/esp32-s3-jc3248w535/libe45/lvgl/misc/lv_palette.c.o
Compiling .pio/build/esp32-s3-jc3248w535/libe45/lvgl/misc/lv_pending.c.o
Compiling .pio/build/esp32-s3-jc3248w535/libe45/lvgl/misc/lv_profiler_builtin.c.o
Compiling .pio/build/esp32-s3-jc3248w535/libe45/lvgl/misc/lv_profiler_builtin_posix.c.o
Compiling .pio/build/esp32-s3-jc3248w535/libe45/lvgl/misc/lv_rb.c.o
Compiling .pio/build/esp32-s3-jc3248w535/libe45/lvgl/misc/lv_style.c.o
Compiling .pio/build/esp32-s3-jc3248w535/libe45/lvgl/misc/lv_style_gen.c.o
Compiling .pio/build/esp32-s3-jc3248w535/libe45/lvgl/misc/lv_templ.c.o
Compiling .pio/build/esp32-s3-jc3248w535/libe45/lvgl/misc/lv_text.c.o
Compiling .pio/build/esp32-s3-jc3248w535/libe45/lvgl/misc/lv_text_ap.c.o
Compiling .pio/build/esp32-s3-jc3248w535/libe45/lvgl/misc/lv_timer.c.o
Compiling .pio/build/esp32-s3-jc3248w535/libe45/lvgl/misc/lv_tree.c.o
Compiling .pio/build/esp32-s3-jc3248w535/libe45/lvgl/misc/lv_utils.c.o
Compiling .pio/build/esp32-s3-jc3248w535/libe45/lvgl/osal/lv_cmsis_rtos2.c.o
Compiling .pio/build/esp32-s3-jc3248w535/libe45/lvgl/osal/lv_freertos.c.o
Compiling .pio/build/esp32-s3-jc3248w535/libe45/lvgl/osal/lv_linux.c.o
Compiling .pio/build/esp32-s3-jc3248w535/libe45/lvgl/osal/lv_mqx.c.o
Compiling .pio/build/esp32-s3-jc3248w535/libe45/lvgl/osal/lv_os.c.o
Compiling .pio/build/esp32-s3-jc3248w535/libe45/lvgl/osal/lv_os_none.c.o
Compiling .pio/build/esp32-s3-jc3248w535/libe45/lvgl/osal/lv_pthread.c.o
Compiling .pio/build/esp32-s3-jc3248w535/libe45/lvgl/osal/lv_rtthread.c.o
Compiling .pio/build/esp32-s3-jc3248w535/libe45/lvgl/osal/lv_sdl2.c.o
Compiling .pio/build/esp32-s3-jc3248w535/libe45/lvgl/osal/lv_windows.c.o
Compiling .pio/build/esp32-s3-jc3248w535/libe45/lvgl/others/file_explorer/lv_file_explorer.c.o
Compiling .pio/build/esp32-s3-jc3248w535/libe45/lvgl/others/fragment/lv_fragment.c.o
Compiling .pio/build/esp32-s3-jc3248w535/libe45/lvgl/others/fragment/lv_fragment_manager.c.o
Compiling .pio/build/esp32-s3-jc3248w535/libe45/lvgl/others/translation/lv_translation.c.o
Compiling .pio/build/esp32-s3-jc3248w535/libe45/lvgl/stdlib/builtin/lv_mem_core_builtin.c.o
Compiling .pio/build/esp32-s3-jc3248w535/libe45/lvgl/stdlib/builtin/lv_sprintf_builtin.c.o
Compiling .pio/build/esp32-s3-jc3248w535/libe45/lvgl/stdlib/builtin/lv_string_builtin.c.o
Compiling .pio/build/esp32-s3-jc3248w535/libe45/lvgl/stdlib/builtin/lv_tlsf.c.o
Compiling .pio/build/esp32-s3-jc3248w535/libe45/lvgl/stdlib/clib/lv_mem_core_clib.c.o
Compiling .pio/build/esp32-s3-jc3248w535/libe45/lvgl/stdlib/clib/lv_sprintf_clib.c.o
Compiling .pio/build/esp32-s3-jc3248w535/libe45/lvgl/stdlib/clib/lv_string_clib.c.o
Compiling .pio/build/esp32-s3-jc3248w535/libe45/lvgl/stdlib/lv_mem.c.o
Compiling .pio/build/esp32-s3-jc3248w535/libe45/lvgl/stdlib/micropython/lv_mem_core_micropython.c.o
Compiling .pio/build/esp32-s3-jc3248w535/libe45/lvgl/stdlib/rtthread/lv_mem_core_rtthread.c.o
Compiling .pio/build/esp32-s3-jc3248w535/libe45/lvgl/stdlib/rtthread/lv_sprintf_rtthread.c.o
Compiling .pio/build/esp32-s3-jc3248w535/libe45/lvgl/stdlib/rtthread/lv_string_rtthread.c.o
Compiling .pio/build/esp32-s3-jc3248w535/libe45/lvgl/stdlib/uefi/lv_mem_core_uefi.c.o
Compiling .pio/build/esp32-s3-jc3248w535/libe45/lvgl/themes/default/lv_theme_default.c.o
Compiling .pio/build/esp32-s3-jc3248w535/libe45/lvgl/themes/lv_theme.c.o
Compiling .pio/build/esp32-s3-jc3248w535/libe45/lvgl/themes/mono/lv_theme_mono.c.o
Compiling .pio/build/esp32-s3-jc3248w535/libe45/lvgl/themes/simple/lv_theme_simple.c.o
Compiling .pio/build/esp32-s3-jc3248w535/libe45/lvgl/tick/lv_tick.c.o
Compiling .pio/build/esp32-s3-jc3248w535/libe45/lvgl/widgets/3dtexture/lv_3dtexture.c.o
Compiling .pio/build/esp32-s3-jc3248w535/libe45/lvgl/widgets/animimage/lv_animimage.c.o
Compiling .pio/build/esp32-s3-jc3248w535/libe45/lvgl/widgets/arc/lv_arc.c.o
Compiling .pio/build/esp32-s3-jc3248w535/libe45/lvgl/widgets/arclabel/lv_arclabel.c.o
Compiling .pio/build/esp32-s3-jc3248w535/libe45/lvgl/widgets/bar/lv_bar.c.o
Compiling .pio/build/esp32-s3-jc3248w535/libe45/lvgl/widgets/button/lv_button.c.o
Compiling .pio/build/esp32-s3-jc3248w535/libe45/lvgl/widgets/buttonmatrix/lv_buttonmatrix.c.o
Compiling .pio/build/esp32-s3-jc3248w535/libe45/lvgl/widgets/calendar/lv_calendar.c.o
Compiling .pio/build/esp32-s3-jc3248w535/libe45/lvgl/widgets/calendar/lv_calendar_chinese.c.o
Compiling .pio/build/esp32-s3-jc3248w535/libe45/lvgl/widgets/calendar/lv_calendar_header_arrow.c.o
Compiling .pio/build/esp32-s3-jc3248w535/libe45/lvgl/widgets/calendar/lv_calendar_header_dropdown.c.o
Compiling .pio/build/esp32-s3-jc3248w535/libe45/lvgl/widgets/canvas/lv_canvas.c.o
Compiling .pio/build/esp32-s3-jc3248w535/libe45/lvgl/widgets/chart/lv_chart.c.o
Compiling .pio/build/esp32-s3-jc3248w535/libe45/lvgl/widgets/checkbox/lv_checkbox.c.o
Compiling .pio/build/esp32-s3-jc3248w535/libe45/lvgl/widgets/dropdown/lv_dropdown.c.o
Compiling .pio/build/esp32-s3-jc3248w535/libe45/lvgl/widgets/gif/lv_gif.c.o
Compiling .pio/build/esp32-s3-jc3248w535/libe45/lvgl/widgets/image/lv_image.c.o
Compiling .pio/build/esp32-s3-jc3248w535/libe45/lvgl/widgets/imagebutton/lv_imagebutton.c.o
Compiling .pio/build/esp32-s3-jc3248w535/libe45/lvgl/widgets/ime/lv_ime_pinyin.c.o
Compiling .pio/build/esp32-s3-jc3248w535/libe45/lvgl/widgets/keyboard/lv_keyboard.c.o
Compiling .pio/build/esp32-s3-jc3248w535/libe45/lvgl/widgets/label/lv_label.c.o
Compiling .pio/build/esp32-s3-jc3248w535/libe45/lvgl/widgets/led/lv_led.c.o
Compiling .pio/build/esp32-s3-jc3248w535/libe45/lvgl/widgets/line/lv_line.c.o
Compiling .pio/build/esp32-s3-jc3248w535/libe45/lvgl/widgets/list/lv_list.c.o
Compiling .pio/build/esp32-s3-jc3248w535/libe45/lvgl/widgets/lottie/lv_lottie.c.o
Compiling .pio/build/esp32-s3-jc3248w535/libe45/lvgl/widgets/menu/lv_menu.c.o
Compiling .pio/build/esp32-s3-jc3248w535/libe45/lvgl/widgets/msgbox/lv_msgbox.c.o
Compiling .pio/build/esp32-s3-jc3248w535/libe45/lvgl/widgets/objx_templ/lv_objx_templ.c.o
Compiling .pio/build/esp32-s3-jc3248w535/libe45/lvgl/widgets/property/lv_animimage_properties.c.o
Compiling .pio/build/esp32-s3-jc3248w535/libe45/lvgl/widgets/property/lv_arc_properties.c.o
Compiling .pio/build/esp32-s3-jc3248w535/libe45/lvgl/widgets/property/lv_bar_properties.c.o
Compiling .pio/build/esp32-s3-jc3248w535/libe45/lvgl/widgets/property/lv_buttonmatrix_properties.c.o
Compiling .pio/build/esp32-s3-jc3248w535/libe45/lvgl/widgets/property/lv_chart_properties.c.o
Compiling .pio/build/esp32-s3-jc3248w535/libe45/lvgl/widgets/property/lv_checkbox_properties.c.o
Compiling .pio/build/esp32-s3-jc3248w535/libe45/lvgl/widgets/property/lv_dropdown_properties.c.o
Compiling .pio/build/esp32-s3-jc3248w535/libe45/lvgl/widgets/property/lv_image_properties.c.o
Compiling .pio/build/esp32-s3-jc3248w535/libe45/lvgl/widgets/property/lv_keyboard_properties.c.o
Compiling .pio/build/esp32-s3-jc3248w535/libe45/lvgl/widgets/property/lv_label_properties.c.o
Compiling .pio/build/esp32-s3-jc3248w535/libe45/lvgl/widgets/property/lv_led_properties.c.o
Compiling .pio/build/esp32-s3-jc3248w535/libe45/lvgl/widgets/property/lv_line_properties.c.o
Compiling .pio/build/esp32-s3-jc3248w535/libe45/lvgl/widgets/property/lv_menu_properties.c.o
Compiling .pio/build/esp32-s3-jc3248w535/libe45/lvgl/widgets/property/lv_obj_properties.c.o
Compiling .pio/build/esp32-s3-jc3248w535/libe45/lvgl/widgets/property/lv_roller_properties.c.o
Compiling .pio/build/esp32-s3-jc3248w535/libe45/lvgl/widgets/property/lv_scale_properties.c.o
Compiling .pio/build/esp32-s3-jc3248w535/libe45/lvgl/widgets/property/lv_slider_properties.c.o
Compiling .pio/build/esp32-s3-jc3248w535/libe45/lvgl/widgets/property/lv_span_properties.c.o
Compiling .pio/build/esp32-s3-jc3248w535/libe45/lvgl/widgets/property/lv_spinbox_properties.c.o
Compiling .pio/build/esp32-s3-jc3248w535/libe45/lvgl/widgets/property/lv_spinner_properties.c.o
Compiling .pio/build/esp32-s3-jc3248w535/libe45/lvgl/widgets/property/lv_style_properties.c.o
Compiling .pio/build/esp32-s3-jc3248w535/libe45/lvgl/widgets/property/lv_switch_properties.c.o
Compiling .pio/build/esp32-s3-jc3248w535/libe45/lvgl/widgets/property/lv_table_properties.c.o
Compiling .pio/build/esp32-s3-jc3248w535/libe45/lvgl/widgets/property/lv_tabview_properties.c.o
Compiling .pio/build/esp32-s3-jc3248w535/libe45/lvgl/widgets/property/lv_textarea_properties.c.o
Compiling .pio/build/esp32-s3-jc3248w535/libe45/lvgl/widgets/roller/lv_roller.c.o
Compiling .pio/build/esp32-s3-jc3248w535/libe45/lvgl/widgets/scale/lv_scale.c.o
Compiling .pio/build/esp32-s3-jc3248w535/libe45/lvgl/widgets/slider/lv_slider.c.o
Compiling .pio/build/esp32-s3-jc3248w535/libe45/lvgl/widgets/span/lv_span.c.o
Compiling .pio/build/esp32-s3-jc3248w535/libe45/lvgl/widgets/spinbox/lv_spinbox.c.o
Compiling .pio/build/esp32-s3-jc3248w535/libe45/lvgl/widgets/spinner/lv_spinner.c.o
Compiling .pio/build/esp32-s3-jc3248w535/libe45/lvgl/widgets/switch/lv_switch.c.o
Compiling .pio/build/esp32-s3-jc3248w535/libe45/lvgl/widgets/table/lv_table.c.o
Compiling .pio/build/esp32-s3-jc3248w535/libe45/lvgl/widgets/tabview/lv_tabview.c.o
Compiling .pio/build/esp32-s3-jc3248w535/libe45/lvgl/widgets/textarea/lv_textarea.c.o
Compiling .pio/build/esp32-s3-jc3248w535/libe45/lvgl/widgets/tileview/lv_tileview.c.o
Compiling .pio/build/esp32-s3-jc3248w535/libe45/lvgl/widgets/win/lv_win.c.o
Compiling .pio/build/esp32-s3-jc3248w535/FrameworkArduino/Esp.cpp.o
Compiling .pio/build/esp32-s3-jc3248w535/FrameworkArduino/FirmwareMSC.cpp.o
Compiling .pio/build/esp32-s3-jc3248w535/FrameworkArduino/FunctionalInterrupt.cpp.o
Compiling .pio/build/esp32-s3-jc3248w535/FrameworkArduino/HWCDC.cpp.o
Compiling .pio/build/esp32-s3-jc3248w535/FrameworkArduino/HardwareSerial.cpp.o
Compiling .pio/build/esp32-s3-jc3248w535/FrameworkArduino/IPAddress.cpp.o
Compiling .pio/build/esp32-s3-jc3248w535/FrameworkArduino/IPv6Address.cpp.o
Compiling .pio/build/esp32-s3-jc3248w535/FrameworkArduino/MD5Builder.cpp.o
Compiling .pio/build/esp32-s3-jc3248w535/FrameworkArduino/Print.cpp.o
Compiling .pio/build/esp32-s3-jc3248w535/FrameworkArduino/Stream.cpp.o
Compiling .pio/build/esp32-s3-jc3248w535/FrameworkArduino/StreamString.cpp.o
Compiling .pio/build/esp32-s3-jc3248w535/FrameworkArduino/Tone.cpp.o
Compiling .pio/build/esp32-s3-jc3248w535/FrameworkArduino/USB.cpp.o
Compiling .pio/build/esp32-s3-jc3248w535/FrameworkArduino/USBCDC.cpp.o
Compiling .pio/build/esp32-s3-jc3248w535/FrameworkArduino/USBMSC.cpp.o
Compiling .pio/build/esp32-s3-jc3248w535/FrameworkArduino/WMath.cpp.o
Compiling .pio/build/esp32-s3-jc3248w535/FrameworkArduino/WString.cpp.o
Compiling .pio/build/esp32-s3-jc3248w535/FrameworkArduino/base64.cpp.o
Compiling .pio/build/esp32-s3-jc3248w535/FrameworkArduino/cbuf.cpp.o
Compiling .pio/build/esp32-s3-jc3248w535/FrameworkArduino/esp32-hal-adc.c.o
Compiling .pio/build/esp32-s3-jc3248w535/FrameworkArduino/esp32-hal-bt.c.o
Compiling .pio/build/esp32-s3-jc3248w535/FrameworkArduino/esp32-hal-cpu.c.o
Compiling .pio/build/esp32-s3-jc3248w535/FrameworkArduino/esp32-hal-dac.c.o
Compiling .pio/build/esp32-s3-jc3248w535/FrameworkArduino/esp32-hal-gpio.c.o
Compiling .pio/build/esp32-s3-jc3248w535/FrameworkArduino/esp32-hal-i2c-slave.c.o
Compiling .pio/build/esp32-s3-jc3248w535/FrameworkArduino/esp32-hal-i2c.c.o
Compiling .pio/build/esp32-s3-jc3248w535/FrameworkArduino/esp32-hal-ledc.c.o
Compiling .pio/build/esp32-s3-jc3248w535/FrameworkArduino/esp32-hal-matrix.c.o
Compiling .pio/build/esp32-s3-jc3248w535/FrameworkArduino/esp32-hal-misc.c.o
Compiling .pio/build/esp32-s3-jc3248w535/FrameworkArduino/esp32-hal-psram.c.o
Compiling .pio/build/esp32-s3-jc3248w535/FrameworkArduino/esp32-hal-rgb-led.c.o
Compiling .pio/build/esp32-s3-jc3248w535/FrameworkArduino/esp32-hal-rmt.c.o
Compiling .pio/build/esp32-s3-jc3248w535/FrameworkArduino/esp32-hal-sigmadelta.c.o
Compiling .pio/build/esp32-s3-jc3248w535/FrameworkArduino/esp32-hal-spi.c.o
Compiling .pio/build/esp32-s3-jc3248w535/FrameworkArduino/esp32-hal-time.c.o
Compiling .pio/build/esp32-s3-jc3248w535/FrameworkArduino/esp32-hal-timer.c.o
Compiling .pio/build/esp32-s3-jc3248w535/FrameworkArduino/esp32-hal-tinyusb.c.o
Compiling .pio/build/esp32-s3-jc3248w535/FrameworkArduino/esp32-hal-touch.c.o
Compiling .pio/build/esp32-s3-jc3248w535/FrameworkArduino/esp32-hal-uart.c.o
Compiling .pio/build/esp32-s3-jc3248w535/FrameworkArduino/firmware_msc_fat.c.o
Compiling .pio/build/esp32-s3-jc3248w535/FrameworkArduino/libb64/cdecode.c.o
Compiling .pio/build/esp32-s3-jc3248w535/FrameworkArduino/libb64/cencode.c.o
Compiling .pio/build/esp32-s3-jc3248w535/FrameworkArduino/main.cpp.o
Compiling .pio/build/esp32-s3-jc3248w535/FrameworkArduino/stdlib_noniso.c.o
Compiling .pio/build/esp32-s3-jc3248w535/FrameworkArduino/wiring_pulse.c.o
Compiling .pio/build/esp32-s3-jc3248w535/FrameworkArduino/wiring_shift.c.o
Archiving .pio/build/esp32-s3-jc3248w535/libe45/liblvgl.a
Archiving .pio/build/esp32-s3-jc3248w535/libFrameworkArduino.a
Indexing .pio/build/esp32-s3-jc3248w535/libFrameworkArduino.a
Indexing .pio/build/esp32-s3-jc3248w535/libe45/liblvgl.a
Linking .pio/build/esp32-s3-jc3248w535/firmware.elf
Retrieving maximum program size .pio/build/esp32-s3-jc3248w535/firmware.elf
Checking size .pio/build/esp32-s3-jc3248w535/firmware.elf
Advanced Memory Usage is available via "PlatformIO Home > Project Inspect"
RAM:   [===       ]  34.1% (used 111884 bytes from 327680 bytes)
Flash: [==        ]  17.7% (used 592677 bytes from 3342336 bytes)
Building .pio/build/esp32-s3-jc3248w535/firmware.bin
esptool.py v4.9.0
Creating esp32s3 image...
Merged 2 ELF sections
Successfully created esp32s3 image.
Configuring upload protocol...
AVAILABLE: cmsis-dap, esp-bridge, esp-builtin, esp-prog, espota, esptool, iot-bus-jtag, jlink, minimodule, olimex-arm-usb-ocd, olimex-arm-usb-ocd-h, olimex-arm-usb-tiny-h, olimex-jtag-tiny, tumpa
CURRENT: upload_protocol = esptool
Looking for upload port...
Using manually specified: /dev/ttyACM0
Uploading .pio/build/esp32-s3-jc3248w535/firmware.bin
esptool.py v4.9.0
Serial port /dev/ttyACM0

A fatal error occurred: Could not open /dev/ttyACM0, the port is busy or doesn't exist.
([Errno 2] could not open port /dev/ttyACM0: [Errno 2] No such file or directory: '/dev/ttyACM0')

Hint: Check if the port is correct and ESP connected
*** [upload] Error 2

========================= [FAILED] Took 110.25 seconds =========================
